Log file open, 08/29/16 20:25:59
LogInit:Display: Running engine for game: projektb2
LogPlatformFile: Not using cached read wrapper
LogInit:Display: RandInit(1748524008) SRandInit(1748524009).
LogTaskGraph: Started task graph with 4 named threads and 7 total threads with 1 sets of task threads.
LogStats: Stats thread started at 0.068697
OCULUS: Info: [CAPI] LibOVR module is located at C:\Program Files\Oculus\Support\oculus-runtime\LibOVRRT64_1.dll
OCULUS: Debug: Connected to the server running version (prod = 1).1.7.0(build = 262766) feature version = 0. Client runs version (prod = 1).1.7.0(build = 262766) feature version = 0
LogInit: Version: 4.12.5-3039270+++UE4+Release-4.12
LogInit: API Version: 2992821
LogInit: Net Version: 3039270
LogDevObjectVersion: Number of dev versions registered: 13
LogDevObjectVersion:   Dev-Blueprints (B0D832E4-1F89-4F0D-ACCF-7EB736FD4AA2): 3
LogDevObjectVersion:   Dev-Build (E1C64328-A22C-4D53-A36C-8E866417BD8C): 0
LogDevObjectVersion:   Dev-Core (375EC13C-06E4-48FB-B500-84F0262A717E): 1
LogDevObjectVersion:   Dev-Editor (E4B068ED-F494-42E9-A231-DA0B2E46BB41): 2
LogDevObjectVersion:   Dev-Framework (CFFC743F-43B0-4480-9391-14DF171D2073): 6
LogDevObjectVersion:   Dev-Mobile (B02B49B5-BB20-44E9-A304-32B752E40360): 0
LogDevObjectVersion:   Dev-Networking (A4E4105C-59A1-49B5-A7C5-40C4547EDFEE): 0
LogDevObjectVersion:   Dev-Online (39C831C9-5AE6-47DC-9A44-9C173E1C8E7C): 0
LogDevObjectVersion:   Dev-Physics (78F01B33-EBEA-4F98-B9B4-84EACCB95AA2): 0
LogDevObjectVersion:   Dev-Platform (6631380F-2D4D-43E0-8009-CF276956A95A): 0
LogDevObjectVersion:   Dev-Rendering (12F88B9F-8875-4AFC-A67C-D90C383ABD29): 2
LogDevObjectVersion:   Dev-Sequencer (7B5AE74C-D270-4C10-A958-57980B212A5A): 0
LogDevObjectVersion:   Dev-VR (D7296918-1DD6-4BDD-9DE2-64A83CC13884): 0
LogInit: Compiled (64-bit): Jul  6 2016 09:09:46
LogInit: Compiled with Visual C++: 19.00.23026.00
LogInit: Build Configuration: Development
LogInit: Branch Name: ++UE4+Release-4.12
LogInit: Command line:  
LogInit: Base directory: C:/Program Files (x86)/Epic Games/4.12/Engine/Binaries/Win64/
LogInit: Installed Engine Build: 1
LogInit: Using libcurl 7.41.0
LogInit:  - built for x86_64-pc-win32
LogInit:  - supports SSL with WinSSL
LogInit:  - other features:
LogInit:      CURL_VERSION_SSL
LogInit:      CURL_VERSION_IPV6
LogInit:      CURL_VERSION_ASYNCHDNS
LogInit:      CURL_VERSION_LARGEFILE
LogInit:      CURL_VERSION_IDN
LogInit:  CurlRequestOptions (configurable via config and command line):
LogInit:  - bVerifyPeer = true  - Libcurl will verify peer certificate
LogInit:  - bUseHttpProxy = false  - Libcurl will NOT use HTTP proxy
LogInit:  - bDontReuseConnections = false  - Libcurl will reuse connections
LogInit:  - CertBundlePath = nullptr  - Libcurl will use whatever was configured at build time.
LogInit: Presizing for max 8388607 objects, including 0 objects not considered by GC, pre-allocating 0 bytes for permanent pool.
LogInit: Object subsystem initialized
[2016.08.29-18.25.59:545][  0]LogInit: Selected Device Profile: [Windows]
[2016.08.29-18.25.59:545][  0]LogInit: Applying CVar settings loaded from the selected device profile: [Windows]
[2016.08.29-18.25.59:556][  0]LogInit: Computer: PC2
[2016.08.29-18.25.59:556][  0]LogInit: User: Anna
[2016.08.29-18.25.59:556][  0]LogInit: CPU Page size=65536, Cores=4
[2016.08.29-18.25.59:556][  0]LogInit: High frequency timer resolution =3.410075 MHz
[2016.08.29-18.25.59:556][  0]LogMemory: Memory total: Physical=7.9GB (8GB approx)
[2016.08.29-18.25.59:556][  0]LogMemory: Platform Memory Stats for Windows
[2016.08.29-18.25.59:556][  0]LogMemory: Process Physical Memory: 192.45 MB used, 192.45 MB peak
[2016.08.29-18.25.59:556][  0]LogMemory: Process Virtual Memory: 196.16 MB used, 196.16 MB peak
[2016.08.29-18.25.59:556][  0]LogMemory: Physical Memory: 2666.04 MB used, 8135.25 MB total
[2016.08.29-18.25.59:556][  0]LogMemory: Virtual Memory: 574.84 MB used, 134217728.00 MB total
[2016.08.29-18.25.59:583][  0]LogTextLocalizationManager: No translations for ('de-DE') exist, falling back to 'en' for localization and internationalization data.
[2016.08.29-18.25.59:915][  0]LogD3D11RHI: D3D11 adapters:
[2016.08.29-18.25.59:947][  0]LogD3D11RHI:    0. 'AMD Radeon R9 200 Series' (Feature Level 11_0)
[2016.08.29-18.25.59:947][  0]LogD3D11RHI:       3053/0/4067 MB DedicatedVideo/DedicatedSystem/SharedSystem, Outputs:1, VendorId:0x1002
[2016.08.29-18.25.59:948][  0]LogD3D11RHI:    1. 'Microsoft Basic Render Driver' (Feature Level 11_0)
[2016.08.29-18.25.59:948][  0]LogD3D11RHI:       0/0/4067 MB DedicatedVideo/DedicatedSystem/SharedSystem, Outputs:0, VendorId:0x1414
[2016.08.29-18.25.59:948][  0]LogD3D11RHI: Chosen D3D11 Adapter: 0
[2016.08.29-18.25.59:950][  0]LogD3D11RHI: Creating new Direct3DDevice
[2016.08.29-18.25.59:950][  0]LogD3D11RHI:     GPU DeviceId: 0x6798 (for the marketing name, search the web for "GPU Device Id")
[2016.08.29-18.25.59:950][  0]LogWindows: EnumDisplayDevices:
[2016.08.29-18.25.59:950][  0]LogWindows:    0. 'AMD Radeon R9 200 Series' (P:1 D:1)
[2016.08.29-18.25.59:951][  0]LogWindows:    1. 'AMD Radeon R9 200 Series' (P:0 D:0)
[2016.08.29-18.25.59:951][  0]LogWindows:    2. 'AMD Radeon R9 200 Series' (P:0 D:0)
[2016.08.29-18.25.59:951][  0]LogWindows:    3. 'AMD Radeon R9 200 Series' (P:0 D:0)
[2016.08.29-18.25.59:951][  0]LogWindows:    4. 'AMD Radeon R9 200 Series' (P:0 D:0)
[2016.08.29-18.25.59:951][  0]LogWindows:    5. 'AMD Radeon R9 200 Series' (P:0 D:0)
[2016.08.29-18.25.59:951][  0]LogWindows: DebugString: FoundDriverCount:6 
[2016.08.29-18.25.59:951][  0]LogD3D11RHI:     Adapter Name: AMD Radeon R9 200 Series
[2016.08.29-18.25.59:951][  0]LogD3D11RHI:   Driver Version: Crimson 16.6 (internal:20.19.0.32832, unified:20.19.0.32832)
[2016.08.29-18.25.59:951][  0]LogD3D11RHI:      Driver Date: 6-30-2016
[2016.08.29-18.25.59:951][  0]LogRHI: Texture pool is 1361 MB (70% of 1945 MB)
[2016.08.29-18.25.59:957][  0]LogD3D11RHI: Async texture creation disabled: no driver support
[2016.08.29-18.25.59:967][  0]LogD3D11RHI: GPU Timing Frequency: 27.000000 (Debug: 2 1)
[2016.08.29-18.25.59:967][  0]LogShaderCompilers: Guid format shader working directory is -19 characters bigger than the processId version (../../../../../../Users/Anna/Documents/Unreal Projects/projektb2/Intermediate/Shaders/WorkingDirectory/6212/).
[2016.08.29-18.25.59:967][  0]LogShaderCompilers: Cleaned the shader compiler working directory 'C:/Users/Anna/AppData/Local/Temp/UnrealShaderWorkingDir/5FD3C42E42201F6FA3C149985BA86397/'.
[2016.08.29-18.25.59:967][  0]LogShaderCompilers:Display: Using Local Shader Compiler.
[2016.08.29-18.26.00:859][  0]LogTemp:Display: Loaded TP AllDesktopTargetPlatform
[2016.08.29-18.26.00:867][  0]LogTemp:Display: Loaded TP WindowsClientTargetPlatform
[2016.08.29-18.26.00:875][  0]LogTemp:Display: Loaded TP WindowsNoEditorTargetPlatform
[2016.08.29-18.26.00:882][  0]LogTemp:Display: Loaded TP WindowsServerTargetPlatform
[2016.08.29-18.26.00:890][  0]LogTemp:Display: Loaded TP WindowsTargetPlatform
[2016.08.29-18.26.00:897][  0]LogTemp:Display: Loaded TP AndroidTargetPlatform
[2016.08.29-18.26.00:903][  0]LogTemp:Display: Loaded TP Android_ASTCTargetPlatform
[2016.08.29-18.26.00:910][  0]LogTemp:Display: Loaded TP Android_ATCTargetPlatform
[2016.08.29-18.26.00:917][  0]LogTemp:Display: Loaded TP Android_DXTTargetPlatform
[2016.08.29-18.26.00:923][  0]LogTemp:Display: Loaded TP Android_ETC1TargetPlatform
[2016.08.29-18.26.00:929][  0]LogTemp:Display: Loaded TP Android_ETC2TargetPlatform
[2016.08.29-18.26.00:942][  0]LogTemp:Display: Loaded TP Android_MultiTargetPlatform
[2016.08.29-18.26.00:942][  0]LogTemp:Display: Loaded TP Android_PVRTCTargetPlatform
[2016.08.29-18.26.00:943][  0]LogTemp:Display: Loaded TP HTML5TargetPlatform
[2016.08.29-18.26.00:964][  0]LogTemp:Display: Loaded TP IOSTargetPlatform
[2016.08.29-18.26.00:970][  0]LogTemp:Display: Loaded TP TVOSTargetPlatform
[2016.08.29-18.26.00:976][  0]LogTemp:Display: Loaded TP LinuxNoEditorTargetPlatform
[2016.08.29-18.26.00:982][  0]LogTemp:Display: Loaded TP LinuxServerTargetPlatform
[2016.08.29-18.26.00:989][  0]LogTemp:Display: Loaded TP LinuxTargetPlatform
[2016.08.29-18.26.00:989][  0]LogTargetPlatformManager:Display: Building Assets For Windows
[2016.08.29-18.26.01:057][  0]LogDerivedDataCache:Display: Max Cache Size: 512 MB
[2016.08.29-18.26.01:097][  0]LogDerivedDataCache: Loaded boot cache 0.04s 49MB C:/Users/Anna/AppData/Local/UnrealEngine/4.12/DerivedDataCache/Boot.ddc.
[2016.08.29-18.26.01:097][  0]LogDerivedDataCache:Display: Loaded Boot cache: C:/Users/Anna/AppData/Local/UnrealEngine/4.12/DerivedDataCache/Boot.ddc
[2016.08.29-18.26.01:097][  0]LogDerivedDataCache: FDerivedDataBackendGraph:  Pak pak cache file ../../../../../../Users/Anna/Documents/Unreal Projects/projektb2/DerivedDataCache/DDC.ddp not found, will not use a pak cache.
[2016.08.29-18.26.01:097][  0]LogDerivedDataCache: Unable to find inner node Pak for hierarchical cache Hierarchy.
[2016.08.29-18.26.01:097][  0]LogDerivedDataCache: FDerivedDataBackendGraph:  CompressedPak pak cache file ../../../../../../Users/Anna/Documents/Unreal Projects/projektb2/DerivedDataCache/Compressed.ddp not found, will not use a pak cache.
[2016.08.29-18.26.01:097][  0]LogDerivedDataCache: Unable to find inner node CompressedPak for hierarchical cache Hierarchy.
[2016.08.29-18.26.01:112][  0]LogDerivedDataCache:Display: Pak cache opened for reading ../../../Engine/DerivedDataCache/Compressed.ddp.
[2016.08.29-18.26.01:124][  0]LogDerivedDataCache: Using Local data cache path C:/Users/Anna/AppData/Local/UnrealEngine/Common/DerivedDataCache: Writable
[2016.08.29-18.26.01:467][  0]LogInit: Selected Device Profile: [Windows]
[2016.08.29-18.26.01:467][  0]LogContentStreaming: Texture pool size is 0.00 MB
[2016.08.29-18.26.01:596][  0]LogMeshUtilities: No automatic mesh reduction module available
[2016.08.29-18.26.01:596][  0]LogMeshUtilities: No automatic mesh merging module available
[2016.08.29-18.26.01:596][  0]LogMeshUtilities: No distributed automatic mesh merging module available
[2016.08.29-18.26.01:823][  0]LogAssetRegistry: FAssetRegistry took 0.0220 seconds to start up
[2016.08.29-18.26.01:837][  0]LogPackageLocalizationCache: Processed 3 localized package path(s) for 1 prioritized culture(s) in 0.012060 seconds
[2016.08.29-18.26.01:842][  0]LogUObjectArray: 28739 objects as part of root set at end of initial load.
[2016.08.29-18.26.01:842][  0]LogUObjectAllocator: 5855632 out of 0 bytes used by permanent object pool.
[2016.08.29-18.26.01:842][  0]LogUObjectArray: CloseDisregardForGC: 0/0 objects in disregard for GC pool
[2016.08.29-18.26.01:847][  0]LogInit: WinSock: version 1.1 (2.2), MaxSocks=32767, MaxUdp=65467
[2016.08.29-18.26.01:988][  0]LogSlate: SlateFontCache - WITH_FREETYPE: 1, WITH_HARFBUZZ: 1
[2016.08.29-18.26.01:988][  0]LogSlate: SlateFontCache - WITH_FREETYPE: 1, WITH_HARFBUZZ: 1
[2016.08.29-18.26.02:480][  0]LogUdpMessaging: Initializing bridge on interface 0.0.0.0:0 to multicast group 230.0.0.1:6666.
[2016.08.29-18.26.02:686][  0]SourceControl: Info Source control is disabled
[2016.08.29-18.26.02:687][  0]SourceControl: Info Source control is disabled
[2016.08.29-18.26.02:693][  0]SourceControl: Info Source control is disabled
[2016.08.29-18.26.02:699][  0]SourceControl: Info Source control is disabled
[2016.08.29-18.26.02:853][  0]LogEngine: Initializing Engine...
[2016.08.29-18.26.02:856][  0]LogHMD: SteamVR failed to initialize.  Err: 110
[2016.08.29-18.26.02:857][  0]LogHMD: SteamVR failed to initialize.  Err: 110
[2016.08.29-18.26.02:857][  0]LogHMD: Oculus plugin initialized. Version: 4.12.5-3039270+++UE4+Release-4.12, LibOVR: 1.7.0, SDK: 1.3.2, built Jul  6 2016, 09:11:15
[2016.08.29-18.26.02:962][  0]LogAIModule: Creating AISystem for world NewWorld
[2016.08.29-18.26.02:968][  0]LogInit: XAudio2 using '1 - Philips FTV (AMD High Definition Audio Device)' : 2 channels at 48 kHz using 16 bits per sample (channel mask 0x3)
[2016.08.29-18.26.02:982][  0]LogInit: FAudioDevice initialized.
[2016.08.29-18.26.03:003][  0]LogDerivedDataCache: Saved boot cache 0.02s 49MB C:/Users/Anna/AppData/Local/UnrealEngine/4.12/DerivedDataCache/Boot.ddc.
[2016.08.29-18.26.03:007][  0]LogInit: Texture streaming: Enabled
[2016.08.29-18.26.03:025][  0]LogInit: Transaction tracking system initialized
[2016.08.29-18.26.03:042][  0]BlueprintLog: New page: Editor Load
[2016.08.29-18.26.03:100][  0]LocalizationService: Info Localization service is disabled
[2016.08.29-18.26.03:150][  0]LogConsoleResponse:Display: 
[2016.08.29-18.26.03:235][  0]LogCook:Display: Max memory allowance for cook 8192mb
[2016.08.29-18.26.03:235][  0]LogCook:Display: Mobile HDR setting 1
[2016.08.29-18.26.03:315][  0]LogFileCache: Scanning file cache for directory 'C:/Users/Anna/Documents/Unreal Projects/projektb2/Content/' took 0.01s
[2016.08.29-18.26.03:315][  0]SourceControl: Info Source control is disabled
[2016.08.29-18.26.03:315][  0]Cmd: MAP LOAD FILE="../../../../../../Users/Anna/Documents/Unreal Projects/projektb2/Content/FirstPersonBP/Maps/FirstPersonExampleMap.umap" TEMPLATE=0 SHOWPROGRESS=1 FEATURELEVEL=3
[2016.08.29-18.26.03:315][  0]LightingResults: New page: Lighting Build
[2016.08.29-18.26.03:317][  0]MapCheck: New page: Map Check
[2016.08.29-18.26.03:317][  0]LightingResults: New page: Lighting Build
[2016.08.29-18.26.03:592][  0]LogAIModule: Creating AISystem for world FirstPersonExampleMap
[2016.08.29-18.26.03:598][  0]LogEditorServer: Finished looking for orphan Actors (0.000 secs)
[2016.08.29-18.26.03:598][  0]Cmd: MAP CHECKDEP NOCLEARLOG
[2016.08.29-18.26.03:632][  0]MapCheck: Info Map check complete: 0 Error(s), 0 Warning(s), took 33.946ms to complete.
[2016.08.29-18.26.03:632][  0]LogFileHelpers: Loading map 'FirstPersonExampleMap' took 0.318
[2016.08.29-18.26.03:754][  0]LogCollectionManager: Loaded 0 collections in 0.001509 seconds
[2016.08.29-18.26.03:792][  0]LogFileCache: Scanning file cache for directory 'C:/Users/Anna/Documents/Unreal Projects/projektb2/Saved/Collections/' took 0.01s
[2016.08.29-18.26.03:792][  0]LogFileCache: Scanning file cache for directory 'C:/Users/Anna/Documents/Unreal Projects/projektb2/Content/Developers/Anna/Collections/' took 0.01s
[2016.08.29-18.26.03:792][  0]LogFileCache: Scanning file cache for directory 'C:/Users/Anna/Documents/Unreal Projects/projektb2/Content/Collections/' took 0.01s
[2016.08.29-18.26.03:792][  0]LogCollectionManager: Rebuilt the GUID cache for 0 collections in 0.000002 seconds
[2016.08.29-18.26.03:798][  0]LogContentBrowser: Native class hierarchy populated in 0.0063 seconds. Added 2047 classes and 369 folders.
[2016.08.29-18.26.03:801][  0]LogStats: UGameplayTagsManager::ConstructGameplayTagTree: Construct from data asset -  0.000 s
[2016.08.29-18.26.03:801][  0]LogStats: UGameplayTagsManager::ConstructGameplayTagTree: GameplayTagTreeChangedEvent.Broadcast -  0.000 s
[2016.08.29-18.26.03:801][  0]LogContentBrowser: Native class hierarchy updated for 'GameplayTags' in 0.0003 seconds. Added 12 classes and 0 folders.
[2016.08.29-18.26.03:805][  0]LogContentBrowser: Native class hierarchy updated for 'WidgetCarousel' in 0.0003 seconds. Added 0 classes and 0 folders.
[2016.08.29-18.26.03:836][  0]LogContentBrowser: Native class hierarchy updated for 'AddContentDialog' in 0.0003 seconds. Added 0 classes and 0 folders.
[2016.08.29-18.26.03:839][  0]LogContentBrowser: Native class hierarchy updated for 'SceneOutliner' in 0.0003 seconds. Added 1 classes and 2 folders.
[2016.08.29-18.26.03:850][  0]LogCrashTracker: Crashtracker disabled due to settings.
[2016.08.29-18.26.03:854][  0]LogUObjectGlobals:Warning: Failed to find object 'Class None.'
[2016.08.29-18.26.03:879][  0]LogContentBrowser: Native class hierarchy updated for 'HierarchicalLODOutliner' in 0.0003 seconds. Added 1 classes and 2 folders.
[2016.08.29-18.26.03:879][  0]LogLoad: Full Startup: 5.50 seconds (BP compile: 0.05 seconds)
[2016.08.29-18.26.03:879][  0]LogExternalProfiler: No external profilers were discovered.  External profiling features will not be available.
[2016.08.29-18.26.03:888][  0]LogOcInput: OculusInput pre-init called
[2016.08.29-18.26.03:897][  0]LogOcInput: OculusInput is initialized. Init status 0. Runtime version: 1.7.0
[2016.08.29-18.26.03:915][  0]LogContentStreaming: Texture pool size now 1000 MB
[2016.08.29-18.26.04:041][  0]LogRenderer: Reallocating scene render targets to support 1208x568 (Frame:2).
[2016.08.29-18.26.04:253][  1]LogAssetRegistry: Asset discovery search completed in 2.4530 seconds
[2016.08.29-18.26.04:253][  1]LogCollectionManager: Rebuilt the object cache for 0 collections in 0.000001 seconds (found 0 objects)
[2016.08.29-18.26.04:253][  1]LogCollectionManager: Fixed up redirectors for 0 collections in 0.000036 seconds (updated 0 objects)
[2016.08.29-18.26.10:220][699]LogBlueprintUserMessages: Early PlayInEditor Detection: Level '/Game/FirstPersonBP/Maps/FirstPersonExampleMap.FirstPersonExampleMap:PersistentLevel' has LevelScriptBlueprint '/Game/FirstPersonBP/Maps/FirstPersonExampleMap.FirstPersonExampleMap:PersistentLevel.FirstPersonExampleMap' with GeneratedClass '/Game/FirstPersonBP/Maps/FirstPersonExampleMap.FirstPersonExampleMap_C' with ClassGeneratedBy '/Game/FirstPersonBP/Maps/FirstPersonExampleMap.FirstPersonExampleMap:PersistentLevel.FirstPersonExampleMap'
[2016.08.29-18.26.10:220][699]LogPlayLevel: PlayLevel: No blueprints needed recompiling
[2016.08.29-18.26.10:220][699]LogApp: UseVRFocus has changed to 1
[2016.08.29-18.26.10:220][699]LogApp: HasVRFocus has changed to 1
[2016.08.29-18.26.10:220][699]LogApp: UseVRFocus has changed to 0
[2016.08.29-18.26.10:220][699]LogApp: HasVRFocus has changed to 0
[2016.08.29-18.26.10:221][699]PIE: New page: PIE session: FirstPersonExampleMap (Aug 29, 2016, 9:26:10 PM)
[2016.08.29-18.26.10:222][699]LogPlayLevel: Creating play world package: /Game/FirstPersonBP/Maps/UEDPIE_0_FirstPersonExampleMap
[2016.08.29-18.26.10:245][699]LogPlayLevel: PIE: StaticDuplicateObject took: (0.023030s)
[2016.08.29-18.26.10:246][699]LogAIModule: Creating AISystem for world FirstPersonExampleMap
[2016.08.29-18.26.10:246][699]LogPlayLevel: PIE: World Init took: (0.001172s)
[2016.08.29-18.26.10:246][699]LogPlayLevel: PIE: Created PIE world by copying editor world from /Game/FirstPersonBP/Maps/FirstPersonExampleMap.FirstPersonExampleMap to /Game/FirstPersonBP/Maps/UEDPIE_0_FirstPersonExampleMap.FirstPersonExampleMap (0.024459s)
[2016.08.29-18.26.10:260][699]LogApp: UseVRFocus has changed to 1
[2016.08.29-18.26.10:260][699]LogApp: HasVRFocus has changed to 1
[2016.08.29-18.26.10:260][699]LogApp: UseVRFocus has changed to 0
[2016.08.29-18.26.10:260][699]LogApp: HasVRFocus has changed to 0
[2016.08.29-18.26.10:263][699]LogInit: XAudio2 using '1 - Philips FTV (AMD High Definition Audio Device)' : 2 channels at 48 kHz using 16 bits per sample (channel mask 0x3)
[2016.08.29-18.26.10:269][699]LogInit: FAudioDevice initialized.
[2016.08.29-18.26.10:326][699]LogWorld: Game class is 'FirstPersonGameMode_C'
[2016.08.29-18.26.10:330][699]LogWorld: Bringing World /Game/FirstPersonBP/Maps/UEDPIE_0_FirstPersonExampleMap.FirstPersonExampleMap up for play (max tick rate 0) at 2016.08.29-20.26.10
[2016.08.29-18.26.10:331][699]LogWorld: Bringing up level for play took: 0.003763
[2016.08.29-18.26.10:334][699]LogContentBrowser: Native class hierarchy updated for 'MovieSceneCapture' in 0.0003 seconds. Added 11 classes and 0 folders.
[2016.08.29-18.26.10:334][699]PIE: Info Play in editor start time for /Game/FirstPersonBP/Maps/UEDPIE_0_FirstPersonExampleMap 0.15
[2016.08.29-18.26.10:334][699]LogBlueprintUserMessages: Late PlayInEditor Detection: Level '/Game/FirstPersonBP/Maps/FirstPersonExampleMap.FirstPersonExampleMap:PersistentLevel' has LevelScriptBlueprint '/Game/FirstPersonBP/Maps/FirstPersonExampleMap.FirstPersonExampleMap:PersistentLevel.FirstPersonExampleMap' with GeneratedClass '/Game/FirstPersonBP/Maps/FirstPersonExampleMap.FirstPersonExampleMap_C' with ClassGeneratedBy '/Game/FirstPersonBP/Maps/FirstPersonExampleMap.FirstPersonExampleMap:PersistentLevel.FirstPersonExampleMap'
[2016.08.29-18.26.12:485][953]LogBlueprintUserMessages: Early EndPlayMap Detection: Level '/Game/FirstPersonBP/Maps/FirstPersonExampleMap.FirstPersonExampleMap:PersistentLevel' has LevelScriptBlueprint '/Game/FirstPersonBP/Maps/FirstPersonExampleMap.FirstPersonExampleMap:PersistentLevel.FirstPersonExampleMap' with GeneratedClass '/Game/FirstPersonBP/Maps/FirstPersonExampleMap.FirstPersonExampleMap_C' with ClassGeneratedBy '/Game/FirstPersonBP/Maps/FirstPersonExampleMap.FirstPersonExampleMap:PersistentLevel.FirstPersonExampleMap'
[2016.08.29-18.26.12:517][953]LogBlueprintUserMessages: Late EndPlayMap Detection: Level '/Game/FirstPersonBP/Maps/FirstPersonExampleMap.FirstPersonExampleMap:PersistentLevel' has LevelScriptBlueprint '/Game/FirstPersonBP/Maps/FirstPersonExampleMap.FirstPersonExampleMap:PersistentLevel.FirstPersonExampleMap' with GeneratedClass '/Game/FirstPersonBP/Maps/FirstPersonExampleMap.FirstPersonExampleMap_C' with ClassGeneratedBy '/Game/FirstPersonBP/Maps/FirstPersonExampleMap.FirstPersonExampleMap:PersistentLevel.FirstPersonExampleMap'
[2016.08.29-18.27.57:852][659]LogWindowsTextInputMethodSystem:Display: IME system now deactivated.
[2016.08.29-18.27.57:917][659]MainFrameActions: Zip Project Task (Windows): Running AutomationTool...
[2016.08.29-18.27.58:263][662]MainFrameActions: Zip Project Task (Windows): Automation.ParseCommandLine: Parsing command line: ZipProjectUp -project=C:/Users/Anna/Documents/Unreal Projects/projektb2/ -install=C:/Users/Anna/Documents/GitHub/Projekt-B/projektb2.zip
[2016.08.29-18.27.58:263][662]MainFrameActions: Zip Project Task (Windows): Automation.Process: Setting up command environment.
[2016.08.29-18.27.58:263][662]MainFrameActions: Zip Project Task (Windows): CommandEnvironment.SetupBuildEnvironment: WARNING: ERROR: NOTE: Please ensure that 64bit Tools are installed with DevStudio - there is usually an option to install these during install
[2016.08.29-18.27.58:263][662]MainFrameActions: Zip Project Task (Windows): CommandEnvironment.SetupBuildEnvironment: WARNING: Assuming no compilation capability.
[2016.08.29-18.27.58:263][662]MainFrameActions: Zip Project Task (Windows): ZipProjectUp.ExecuteBuild: Started zipping project up
[2016.08.29-18.27.58:263][662]MainFrameActions: Zip Project Task (Windows): ZipProjectUp.ExecuteBuild: Project directory: C:\Users\Anna\Documents\Unreal Projects\projektb2
[2016.08.29-18.27.58:263][662]MainFrameActions: Zip Project Task (Windows): ZipProjectUp.ExecuteBuild: Install directory: C:/Users/Anna/Documents/GitHub/Projekt-B/projektb2.zip
[2016.08.29-18.27.58:263][662]MainFrameActions: Zip Project Task (Windows): ZipProjectUp.ExecuteBuild: Packaging up the project...
[2016.08.29-18.28.10:945][698]MainFrameActions: Zip Project Task (Windows): BuildCommand.Execute: Completed zipping project up
[2016.08.29-18.28.10:945][698]MainFrameActions: Zip Project Task (Windows): Automation.Execute: BUILD SUCCESSFUL
[2016.08.29-18.28.10:946][698]MainFrameActions: Zip Project Task (Windows): Program.Main: AutomationTool exiting with ExitCode=0 (Success)
[2016.08.29-18.28.10:946][698]MainFrameActions: Zip Project Task (Windows): Domain_ProcessExit
[2016.08.29-18.29.17:216][100]Cmd: QUIT_EDITOR
[2016.08.29-18.29.18:182][100]LogExit: Preparing to exit.
[2016.08.29-18.29.18:652][100]LogExit: Editor shut down
[2016.08.29-18.29.18:653][100]LogExit: Transaction tracking system shut down
[2016.08.29-18.29.18:739][100]LogObj: Freed 0b from 0 cluster array pools.
[2016.08.29-18.29.18:739][100]LogExit: Object subsystem successfully closed.
[2016.08.29-18.29.18:755][100]LogD3D11RHI: Shutdown
[2016.08.29-18.29.18:755][100]LogD3D11RHI: CleanupD3DDevice
[2016.08.29-18.29.18:802][100]LogD3D11RHI: ~FD3D11DynamicRHI
[2016.08.29-18.29.18:813][100]LogModuleManager: Shutting down and abandoning module MovieSceneCapture (214)
[2016.08.29-18.29.18:813][100]LogModuleManager: Shutting down and abandoning module HierarchicalLODOutliner (213)
[2016.08.29-18.29.18:813][100]LogModuleManager: Shutting down and abandoning module CrashTracker (212)
[2016.08.29-18.29.18:813][100]LogModuleManager: Shutting down and abandoning module SceneOutliner (211)
[2016.08.29-18.29.18:813][100]LogModuleManager: Shutting down and abandoning module WidgetCarousel (210)
[2016.08.29-18.29.18:813][100]LogModuleManager: Shutting down and abandoning module AddContentDialog (209)
[2016.08.29-18.29.18:813][100]LogModuleManager: Shutting down and abandoning module GameplayTags (208)
[2016.08.29-18.29.18:813][100]LogModuleManager: Shutting down and abandoning module EditorWidgets (207)
[2016.08.29-18.29.18:813][100]LogModuleManager: Shutting down and abandoning module CollectionManager (206)
[2016.08.29-18.29.18:814][100]LogModuleManager: Shutting down and abandoning module StatsViewer (205)
[2016.08.29-18.29.18:814][100]LogModuleManager: Shutting down and abandoning module FoliageEdit (204)
[2016.08.29-18.29.18:814][100]LogModuleManager: Shutting down and abandoning module LandscapeEditor (203)
[2016.08.29-18.29.18:814][100]LogModuleManager: Shutting down and abandoning module SceneDepthPickerMode (202)
[2016.08.29-18.29.18:814][100]LogModuleManager: Shutting down and abandoning module ActorPickerMode (201)
[2016.08.29-18.29.18:814][100]LogModuleManager: Shutting down and abandoning module GeometryMode (200)
[2016.08.29-18.29.18:814][100]LogModuleManager: Shutting down and abandoning module TextureAlignMode (199)
[2016.08.29-18.29.18:814][100]LogModuleManager: Shutting down and abandoning module BspMode (198)
[2016.08.29-18.29.18:814][100]LogModuleManager: Shutting down and abandoning module HardwareSurvey (197)
[2016.08.29-18.29.18:814][100]LogModuleManager: Shutting down and abandoning module SequenceRecorderSections (196)
[2016.08.29-18.29.18:814][100]LogModuleManager: Shutting down and abandoning module SequenceRecorder (195)
[2016.08.29-18.29.18:814][100]LogModuleManager: Shutting down and abandoning module AutomationWorker (194)
[2016.08.29-18.29.18:814][100]LogModuleManager: Shutting down and abandoning module MatineeToLevelSequence (193)
[2016.08.29-18.29.18:814][100]LogModuleManager: Shutting down and abandoning module PlacementMode (192)
[2016.08.29-18.29.18:814][100]LogModuleManager: Shutting down and abandoning module LevelSequenceEditor (191)
[2016.08.29-18.29.18:814][100]LogModuleManager: Shutting down and abandoning module CharacterAI (190)
[2016.08.29-18.29.18:814][100]LogModuleManager: Shutting down and abandoning module SmartSnapping (189)
[2016.08.29-18.29.18:814][100]LogModuleManager: Shutting down and abandoning module SessionServices (188)
[2016.08.29-18.29.18:814][100]LogModuleManager: Shutting down and abandoning module ViewportSnapping (187)
[2016.08.29-18.29.18:814][100]LogModuleManager: Shutting down and abandoning module LogVisualizer (186)
[2016.08.29-18.29.18:814][100]LogModuleManager: Shutting down and abandoning module GameProjectGeneration (185)
[2016.08.29-18.29.18:814][100]LogModuleManager: Shutting down and abandoning module IntroTutorials (184)
[2016.08.29-18.29.18:814][100]LogModuleManager: Shutting down and abandoning module EditorLiveStreaming (183)
[2016.08.29-18.29.18:814][100]LogModuleManager: Shutting down and abandoning module IOSPlatformEditor (182)
[2016.08.29-18.29.18:814][100]LogModuleManager: Shutting down and abandoning module HTML5PlatformEditor (181)
[2016.08.29-18.29.18:814][100]LogModuleManager: Shutting down and abandoning module AndroidDeviceDetection (180)
[2016.08.29-18.29.19:285][100]LogModuleManager: Shutting down and abandoning module AndroidPlatformEditor (179)
[2016.08.29-18.29.19:285][100]LogModuleManager: Shutting down and abandoning module IOSRuntimeSettings (178)
[2016.08.29-18.29.19:285][100]LogModuleManager: Shutting down and abandoning module AndroidRuntimeSettings (177)
[2016.08.29-18.29.19:285][100]LogModuleManager: Shutting down and abandoning module MergeActors (176)
[2016.08.29-18.29.19:285][100]LogModuleManager: Shutting down and abandoning module SizeMap (175)
[2016.08.29-18.29.19:285][100]LogModuleManager: Shutting down and abandoning module TreeMap (174)
[2016.08.29-18.29.19:285][100]LogModuleManager: Shutting down and abandoning module ReferenceViewer (173)
[2016.08.29-18.29.19:285][100]LogModuleManager: Shutting down and abandoning module LocalizationService (172)
[2016.08.29-18.29.19:285][100]LogModuleManager: Shutting down and abandoning module LocalizationDashboard (171)
[2016.08.29-18.29.19:285][100]LogModuleManager: Shutting down and abandoning module HardwareTargeting (170)
[2016.08.29-18.29.19:285][100]LogModuleManager: Shutting down and abandoning module DeviceProfileEditor (169)
[2016.08.29-18.29.19:285][100]LogModuleManager: Shutting down and abandoning module UndoHistory (168)
[2016.08.29-18.29.19:285][100]LogModuleManager: Shutting down and abandoning module UserFeedback (167)
[2016.08.29-18.29.19:285][100]LogModuleManager: Shutting down and abandoning module XmlParser (166)
[2016.08.29-18.29.19:285][100]LogModuleManager: Shutting down and abandoning module Blutility (165)
[2016.08.29-18.29.19:285][100]LogModuleManager: Shutting down and abandoning module ProjectTargetPlatformEditor (164)
[2016.08.29-18.29.19:285][100]LogModuleManager: Shutting down and abandoning module ProjectSettingsViewer (163)
[2016.08.29-18.29.19:285][100]LogModuleManager: Shutting down and abandoning module InputBindingEditor (162)
[2016.08.29-18.29.19:285][100]LogModuleManager: Shutting down and abandoning module EditorSettingsViewer (161)
[2016.08.29-18.29.19:285][100]LogModuleManager: Shutting down and abandoning module SettingsEditor (160)
[2016.08.29-18.29.19:285][100]LogModuleManager: Shutting down and abandoning module ProjectLauncher (159)
[2016.08.29-18.29.19:285][100]LogModuleManager: Shutting down and abandoning module SessionFrontend (158)
[2016.08.29-18.29.19:285][100]LogModuleManager: Shutting down and abandoning module ProfilerClient (157)
[2016.08.29-18.29.19:285][100]LogModuleManager: Shutting down and abandoning module TargetDeviceServices (156)
[2016.08.29-18.29.19:285][100]LogModuleManager: Shutting down and abandoning module DeviceManager (155)
[2016.08.29-18.29.19:330][100]LogModuleManager: Shutting down and abandoning module AutomationController (154)
[2016.08.29-18.29.19:330][100]LogModuleManager: Shutting down and abandoning module AutomationWindow (153)
[2016.08.29-18.29.19:330][100]LogModuleManager: Shutting down and abandoning module Layers (152)
[2016.08.29-18.29.19:330][100]LogModuleManager: Shutting down and abandoning module ComponentVisualizers (151)
[2016.08.29-18.29.19:330][100]LogModuleManager: Shutting down and abandoning module DetailCustomizations (150)
[2016.08.29-18.29.19:330][100]LogModuleManager: Shutting down and abandoning module PackagesDialog (149)
[2016.08.29-18.29.19:330][100]LogModuleManager: Shutting down and abandoning module Persona (148)
[2016.08.29-18.29.19:330][100]LogModuleManager: Shutting down and abandoning module Kismet (147)
[2016.08.29-18.29.19:330][100]LogModuleManager: Shutting down and abandoning module GraphEditor (146)
[2016.08.29-18.29.19:330][100]LogModuleManager: Shutting down and abandoning module ClassViewer (145)
[2016.08.29-18.29.19:330][100]LogModuleManager: Shutting down and abandoning module Toolbox (144)
[2016.08.29-18.29.19:330][100]LogModuleManager: Shutting down and abandoning module ModuleUI (143)
[2016.08.29-18.29.19:330][100]LogModuleManager: Shutting down and abandoning module MovieSceneTools (142)
[2016.08.29-18.29.19:330][100]LogModuleManager: Shutting down and abandoning module OutputLog (141)
[2016.08.29-18.29.19:330][100]LogModuleManager: Shutting down and abandoning module GammaUI (140)
[2016.08.29-18.29.19:330][100]LogModuleManager: Shutting down and abandoning module Documentation (139)
[2016.08.29-18.29.19:330][100]LogModuleManager: Shutting down and abandoning module StreamingPauseRendering (138)
[2016.08.29-18.29.19:330][100]LogModuleManager: Shutting down and abandoning module AnalyticsET (137)
[2016.08.29-18.29.19:330][100]LogModuleManager: Shutting down and abandoning module Analytics (136)
[2016.08.29-18.29.19:330][100]LogModuleManager: Shutting down and abandoning module PortalServices (135)
[2016.08.29-18.29.19:330][100]LogModuleManager: Shutting down and abandoning module PortalRpc (134)
[2016.08.29-18.29.19:330][100]LogModuleManager: Shutting down and abandoning module MessagingRpc (133)
[2016.08.29-18.29.19:330][100]LogModuleManager: Shutting down and abandoning module GameplayDebugger (132)
[2016.08.29-18.29.19:330][100]LogModuleManager: Shutting down and abandoning module AITestSuite (131)
[2016.08.29-18.29.19:330][100]LogModuleManager: Shutting down and abandoning module AIModule (130)
[2016.08.29-18.29.19:330][100]LogModuleManager: Shutting down and abandoning module ProfilerService (129)
[2016.08.29-18.29.19:406][100]LogModuleManager: Shutting down and abandoning module TaskGraph (128)
[2016.08.29-18.29.19:406][100]LogModuleManager: Shutting down and abandoning module SlateRemote (127)
[2016.08.29-18.29.19:406][100]LogModuleManager: Shutting down and abandoning module SteamVRController (126)
[2016.08.29-18.29.19:406][100]LogModuleManager: Shutting down and abandoning module SteamVR (125)
[2016.08.29-18.29.19:406][100]LogModuleManager: Shutting down and abandoning module ProceduralMeshComponent (124)
[2016.08.29-18.29.19:406][100]LogModuleManager: Shutting down and abandoning module OculusLibrary (123)
[2016.08.29-18.29.19:406][100]LogModuleManager: Shutting down and abandoning module OculusInput (122)
[2016.08.29-18.29.19:406][100]LogModuleManager: Shutting down and abandoning module CustomMeshComponent (121)
[2016.08.29-18.29.19:406][100]LogModuleManager: Shutting down and abandoning module CableComponent (120)
[2016.08.29-18.29.19:406][100]LogModuleManager: Shutting down and abandoning module ArchVisCharacter (119)
[2016.08.29-18.29.19:406][100]LogModuleManager: Shutting down and abandoning module MediaPlayerEditor (118)
[2016.08.29-18.29.19:406][100]LogModuleManager: Shutting down and abandoning module HTML5Networking (117)
[2016.08.29-18.29.19:406][100]LogModuleManager: Shutting down and abandoning module SuperSearch (116)
[2016.08.29-18.29.19:406][100]LogModuleManager: Shutting down and abandoning module SuperSearchEditor (115)
[2016.08.29-18.29.19:406][100]LogModuleManager: Shutting down and abandoning module SpeedTreeImporter (114)
[2016.08.29-18.29.19:406][100]LogModuleManager: Shutting down and abandoning module PluginBrowser (113)
[2016.08.29-18.29.19:406][100]LogModuleManager: Shutting down and abandoning module EpicSurvey (112)
[2016.08.29-18.29.19:406][100]LogModuleManager: Shutting down and abandoning module DesktopPlatform (111)
[2016.08.29-18.29.19:406][100]LogModuleManager: Shutting down and abandoning module VisualStudioSourceCodeAccess (110)
[2016.08.29-18.29.19:406][100]LogModuleManager: Shutting down and abandoning module UObjectPlugin (109)
[2016.08.29-18.29.19:406][100]LogModuleManager: Shutting down and abandoning module SubversionSourceControl (108)
[2016.08.29-18.29.19:406][100]LogModuleManager: Shutting down and abandoning module PerforceSourceControl (107)
[2016.08.29-18.29.19:407][100]LogModuleManager: Shutting down and abandoning module SourceControl (106)
[2016.08.29-18.29.19:407][100]LogModuleManager: Shutting down and abandoning module GitSourceControl (105)
[2016.08.29-18.29.19:407][100]LogModuleManager: Shutting down and abandoning module LightPropagationVolumeEditor (104)
[2016.08.29-18.29.19:407][100]LogModuleManager: Shutting down and abandoning module PaperTiledImporter (103)
[2016.08.29-18.29.19:407][100]LogModuleManager: Shutting down and abandoning module PaperSpriteSheetImporter (102)
[2016.08.29-18.29.19:407][100]LogModuleManager: Shutting down and abandoning module MeshPaint (101)
[2016.08.29-18.29.19:407][100]LogModuleManager: Shutting down and abandoning module PixelInspectorModule (100)
[2016.08.29-18.29.19:407][100]LogModuleManager: Shutting down and abandoning module HotReload (99)
[2016.08.29-18.29.19:407][100]LogModuleManager: Shutting down and abandoning module MainFrame (98)
[2016.08.29-18.29.19:407][100]LogModuleManager: Shutting down and abandoning module LevelEditor (97)
[2016.08.29-18.29.19:408][100]LogModuleManager: Shutting down and abandoning module ContentBrowser (96)
[2016.08.29-18.29.19:408][100]LogModuleManager: Shutting down and abandoning module Paper2DEditor (95)
[2016.08.29-18.29.19:408][100]LogModuleManager: Shutting down and abandoning module UdpMessaging (94)
[2016.08.29-18.29.19:509][100]LogModuleManager: Shutting down and abandoning module LightPropagationVolumeRuntime (93)
[2016.08.29-18.29.19:509][100]LogModuleManager: Shutting down and abandoning module Paper2D (92)
[2016.08.29-18.29.19:509][100]LogModuleManager: Shutting down and abandoning module WindowsMoviePlayer (91)
[2016.08.29-18.29.19:509][100]LogModuleManager: Shutting down and abandoning module Media (90)
[2016.08.29-18.29.19:509][100]LogModuleManager: Shutting down and abandoning module WmfMedia (89)
[2016.08.29-18.29.19:509][100]LogModuleManager: Shutting down and abandoning module MediaAssets (88)
[2016.08.29-18.29.19:509][100]LogModuleManager: Shutting down and abandoning module GameLiveStreaming (87)
[2016.08.29-18.29.19:509][100]LogModuleManager: Shutting down and abandoning module GameplayTagsEditor (86)
[2016.08.29-18.29.19:509][100]LogModuleManager: Shutting down and abandoning module OnlineBlueprintSupport (85)
[2016.08.29-18.29.19:509][100]LogModuleManager: Shutting down and abandoning module VREditor (84)
[2016.08.29-18.29.19:509][100]LogModuleManager: Shutting down and abandoning module GameplayTasksEditor (83)
[2016.08.29-18.29.19:509][100]LogModuleManager: Shutting down and abandoning module PropertyEditor (82)
[2016.08.29-18.29.19:509][100]LogModuleManager: Shutting down and abandoning module BehaviorTreeEditor (81)
[2016.08.29-18.29.19:509][100]LogModuleManager: Shutting down and abandoning module FunctionalTesting (80)
[2016.08.29-18.29.19:509][100]LogModuleManager: Shutting down and abandoning module CollisionAnalyzer (79)
[2016.08.29-18.29.19:509][100]LogModuleManager: Shutting down and abandoning module Sequencer (78)
[2016.08.29-18.29.19:509][100]LogModuleManager: Shutting down and abandoning module WorkspaceMenuStructure (77)
[2016.08.29-18.29.19:509][100]LogModuleManager: Shutting down and abandoning module MessageLog (76)
[2016.08.29-18.29.19:509][100]LogModuleManager: Shutting down and abandoning module AssetTools (75)
[2016.08.29-18.29.19:509][100]LogModuleManager: Shutting down and abandoning module UMGEditor (74)
[2016.08.29-18.29.19:509][100]LogModuleManager: Shutting down and abandoning module UMG (73)
[2016.08.29-18.29.19:509][100]LogModuleManager: Shutting down and abandoning module SlateReflector (72)
[2016.08.29-18.29.19:509][100]LogModuleManager: Shutting down and abandoning module Slate (71)
[2016.08.29-18.29.19:509][100]LogModuleManager: Shutting down and abandoning module EditorStyle (70)
[2016.08.29-18.29.19:511][100]LogModuleManager: Shutting down and abandoning module SourceCodeAccess (69)
[2016.08.29-18.29.19:511][100]LogModuleManager: Shutting down and abandoning module HeadMountedDisplay (68)
[2016.08.29-18.29.19:511][100]LogModuleManager: Shutting down and abandoning module XAudio2 (67)
[2016.08.29-18.29.19:511][100]LogModuleManager: Shutting down and abandoning module Networking (65)
[2016.08.29-18.29.19:511][100]LogModuleManager: Shutting down and abandoning module Core (64)
[2016.08.29-18.29.19:511][100]LogModuleManager: Shutting down and abandoning module DirectoryWatcher (63)
[2016.08.29-18.29.19:512][100]LogModuleManager: Shutting down and abandoning module AssetRegistry (62)
[2016.08.29-18.29.19:638][100]LogModuleManager: Shutting down and abandoning module KismetCompiler (61)
[2016.08.29-18.29.19:638][100]LogModuleManager: Shutting down and abandoning module PhysXFormats (60)
[2016.08.29-18.29.19:638][100]LogModuleManager: Shutting down and abandoning module MeshUtilities (59)
[2016.08.29-18.29.19:638][100]LogModuleManager: Shutting down and abandoning module DerivedDataCache (58)
[2016.08.29-18.29.19:727][100]LogDerivedDataCache: Shutdown
[2016.08.29-18.29.19:727][100]LogModuleManager: Shutting down and abandoning module VulkanShaderFormat (57)
[2016.08.29-18.29.19:727][100]LogModuleManager: Shutting down and abandoning module ShaderFormatOpenGL (56)
[2016.08.29-18.29.19:727][100]LogModuleManager: Shutting down and abandoning module ShaderFormatD3D (55)
[2016.08.29-18.29.19:727][100]LogModuleManager: Shutting down and abandoning module MetalShaderFormat (54)
[2016.08.29-18.29.19:727][100]LogModuleManager: Shutting down and abandoning module TextureFormatUncompressed (53)
[2016.08.29-18.29.19:727][100]LogModuleManager: Shutting down and abandoning module TextureFormatPVR (52)
[2016.08.29-18.29.19:727][100]LogModuleManager: Shutting down and abandoning module TextureFormatIntelISPCTexComp (51)
[2016.08.29-18.29.19:727][100]LogModuleManager: Shutting down and abandoning module TextureFormatDXT (50)
[2016.08.29-18.29.19:727][100]LogModuleManager: Shutting down and abandoning module ImageWrapper (49)
[2016.08.29-18.29.19:727][100]LogModuleManager: Shutting down and abandoning module TextureFormatASTC (48)
[2016.08.29-18.29.19:727][100]LogModuleManager: Shutting down and abandoning module TextureFormatAndroid (47)
[2016.08.29-18.29.19:727][100]LogModuleManager: Shutting down and abandoning module AudioFormatOpus (46)
[2016.08.29-18.29.19:727][100]LogModuleManager: Shutting down and abandoning module AudioFormatOgg (45)
[2016.08.29-18.29.19:727][100]LogModuleManager: Shutting down and abandoning module AudioFormatADPCM (44)
[2016.08.29-18.29.19:727][100]LogModuleManager: Shutting down and abandoning module LinuxTargetPlatform (43)
[2016.08.29-18.29.19:727][100]LogModuleManager: Shutting down and abandoning module LinuxServerTargetPlatform (42)
[2016.08.29-18.29.19:727][100]LogModuleManager: Shutting down and abandoning module LinuxNoEditorTargetPlatform (41)
[2016.08.29-18.29.19:727][100]LogModuleManager: Shutting down and abandoning module TVOSTargetPlatform (40)
[2016.08.29-18.29.19:727][100]LogModuleManager: Shutting down and abandoning module Messaging (39)
[2016.08.29-18.29.19:727][100]LogModuleManager: Shutting down and abandoning module IOSTargetPlatform (38)
[2016.08.29-18.29.19:727][100]LogModuleManager: Shutting down and abandoning module HTML5TargetPlatform (37)
[2016.08.29-18.29.19:727][100]LogModuleManager: Shutting down and abandoning module Android_PVRTCTargetPlatform (36)
[2016.08.29-18.29.19:727][100]LogModuleManager: Shutting down and abandoning module Android_MultiTargetPlatform (35)
[2016.08.29-18.29.19:727][100]LogModuleManager: Shutting down and abandoning module Android_ETC2TargetPlatform (34)
[2016.08.29-18.29.19:727][100]LogModuleManager: Shutting down and abandoning module Android_ETC1TargetPlatform (33)
[2016.08.29-18.29.19:727][100]LogModuleManager: Shutting down and abandoning module Android_DXTTargetPlatform (32)
[2016.08.29-18.29.19:727][100]LogModuleManager: Shutting down and abandoning module Android_ATCTargetPlatform (31)
[2016.08.29-18.29.19:727][100]LogModuleManager: Shutting down and abandoning module Android_ASTCTargetPlatform (30)
[2016.08.29-18.29.19:727][100]LogModuleManager: Shutting down and abandoning module AndroidTargetPlatform (29)
[2016.08.29-18.29.19:728][100]LogModuleManager: Shutting down and abandoning module WindowsTargetPlatform (28)
[2016.08.29-18.29.19:728][100]LogModuleManager: Shutting down and abandoning module WindowsServerTargetPlatform (27)
[2016.08.29-18.29.19:728][100]LogModuleManager: Shutting down and abandoning module WindowsNoEditorTargetPlatform (26)
[2016.08.29-18.29.19:728][100]LogModuleManager: Shutting down and abandoning module WindowsClientTargetPlatform (25)
[2016.08.29-18.29.19:728][100]LogModuleManager: Shutting down and abandoning module AllDesktopTargetPlatform (24)
[2016.08.29-18.29.19:728][100]LogModuleManager: Shutting down and abandoning module TargetPlatform (23)
[2016.08.29-18.29.19:728][100]LogModuleManager: Shutting down and abandoning module InputCore (22)
[2016.08.29-18.29.19:728][100]LogModuleManager: Shutting down and abandoning module Settings (21)
[2016.08.29-18.29.19:728][100]LogModuleManager: Shutting down and abandoning module OnlineSubsystem (19)
[2016.08.29-18.29.19:728][100]LogModuleManager: Shutting down and abandoning module HTTP (18)
[2016.08.29-18.29.21:231][100]LogModuleManager: Shutting down and abandoning module XMPP (17)
[2016.08.29-18.29.21:231][100]LogModuleManager: Shutting down and abandoning module OculusRift (16)
[2016.08.29-18.29.21:233][100]LogHMD: Oculus shutdown.
[2016.08.29-18.29.21:233][100]LogModuleManager: Shutting down and abandoning module ExampleDeviceProfileSelector (15)
[2016.08.29-18.29.21:233][100]LogModuleManager: Shutting down and abandoning module TextureCompressor (14)
[2016.08.29-18.29.21:233][100]LogModuleManager: Shutting down and abandoning module ShaderCore (13)
[2016.08.29-18.29.21:233][100]LogModuleManager: Shutting down and abandoning module Landscape (12)
[2016.08.29-18.29.21:233][100]LogModuleManager: Shutting down and abandoning module SlateRHIRenderer (11)
[2016.08.29-18.29.21:235][100]LogModuleManager: Shutting down and abandoning module OpenGLDrv (10)
[2016.08.29-18.29.21:235][100]LogModuleManager: Shutting down and abandoning module D3D11RHI (9)
[2016.08.29-18.29.21:235][100]LogModuleManager: Shutting down and abandoning module AnimGraphRuntime (8)
[2016.08.29-18.29.21:235][100]LogModuleManager: Shutting down and abandoning module Renderer (7)
[2016.08.29-18.29.21:235][100]LogModuleManager: Shutting down and abandoning module Engine (6)
[2016.08.29-18.29.21:235][100]LogModuleManager: Shutting down and abandoning module CoreUObject (5)
[2016.08.29-18.29.21:235][100]LogModuleManager: Shutting down and abandoning module NetworkFile (4)
[2016.08.29-18.29.21:235][100]LogModuleManager: Shutting down and abandoning module StreamingFile (3)
[2016.08.29-18.29.21:235][100]LogModuleManager: Shutting down and abandoning module SandboxFile (2)
[2016.08.29-18.29.21:235][100]LogModuleManager: Shutting down and abandoning module PakFile (1)
[2016.08.29-18.29.21:239][100]LogExit: Exiting.
[2016.08.29-18.29.21:243][100]Log file closed, 08/29/16 20:29:21
